#-----------------------------------------------------------
# Vivado v2018.2 (64-bit)
# SW Build 2258646 on Thu Jun 14 20:02:38 MDT 2018
# IP Build 2256618 on Thu Jun 14 22:10:49 MDT 2018
# Start of session at: Tue May 28 18:34:30 2024
# Process ID: 11319
# Current directory: /nfs/home/d/de_math/COEN313/lab3/vivado
# Command line: vivado
# Log file: /nfs/home/d/de_math/COEN313/lab3/vivado/vivado.log
# Journal file: /nfs/home/d/de_math/COEN313/lab3/vivado/vivado.jou
#-----------------------------------------------------------
start_gui
create_project lab3 /nfs/home/d/de_math/COEN313/lab3/vivado/lab3 -part xc7a100tcsg324-1
INFO: [IP_Flow 19-234] Refreshing IP repositories
INFO: [IP_Flow 19-1704] No user IP repositories specified
INFO: [IP_Flow 19-2313] Loaded Vivado IP repository '/CMC/tools/xilinx/Vivado_2018.2/Vivado/2018.2/data/ip'.
create_project: Time (s): cpu = 00:00:08 ; elapsed = 00:00:07 . Memory (MB): peak = 6263.473 ; gain = 43.160 ; free physical = 11700 ; free virtual = 23837
add_files -norecurse /nfs/home/d/de_math/COEN313/lab3/vivado/lab3.vhd
add_files -fileset constrs_1 -norecurse /nfs/home/d/de_math/COEN313/lab3/vivado/lab3.xdc
update_compile_order -fileset sources_1
set_property target_constrs_file /nfs/home/d/de_math/COEN313/lab3/vivado/lab3.xdc [current_fileset -constrset]
synth_design -rtl -name rtl_1
Command: synth_design -rtl -name rtl_1
Starting synth_design
Using part: xc7a100tcsg324-1
Top: lab3
---------------------------------------------------------------------------------
Starting RTL Elaboration : Time (s): cpu = 00:00:01 ; elapsed = 00:00:03 . Memory (MB): peak = 6346.418 ; gain = 23.992 ; free physical = 11582 ; free virtual = 23728
---------------------------------------------------------------------------------
INFO: [Synth 8-638] synthesizing module 'lab3' [/nfs/home/d/de_math/COEN313/lab3/vivado/lab3.vhd:12]
INFO: [Synth 8-256] done synthesizing module 'lab3' (1#1) [/nfs/home/d/de_math/COEN313/lab3/vivado/lab3.vhd:12]
---------------------------------------------------------------------------------
Finished RTL Elaboration : Time (s): cpu = 00:00:02 ; elapsed = 00:00:04 . Memory (MB): peak = 6391.059 ; gain = 68.633 ; free physical = 11595 ; free virtual = 23743
---------------------------------------------------------------------------------

Report Check Netlist: 
+------+------------------+-------+---------+-------+------------------+
|      |Item              |Errors |Warnings |Status |Description       |
+------+------------------+-------+---------+-------+------------------+
|1     |multi_driven_nets |      0|        0|Passed |Multi driven nets |
+------+------------------+-------+---------+-------+------------------+
---------------------------------------------------------------------------------
Start Handling Custom Attributes
---------------------------------------------------------------------------------
---------------------------------------------------------------------------------
Finished Handling Custom Attributes : Time (s): cpu = 00:00:02 ; elapsed = 00:00:04 . Memory (MB): peak = 6391.059 ; gain = 68.633 ; free physical = 11593 ; free virtual = 23742
---------------------------------------------------------------------------------
---------------------------------------------------------------------------------
Finished RTL Optimization Phase 1 : Time (s): cpu = 00:00:02 ; elapsed = 00:00:04 . Memory (MB): peak = 6391.059 ; gain = 68.633 ; free physical = 11593 ; free virtual = 23742
---------------------------------------------------------------------------------
INFO: [Device 21-403] Loading part xc7a100tcsg324-1
INFO: [Project 1-570] Preparing netlist for logic optimization

Processing XDC Constraints
Initializing timing engine
Parsing XDC File [/nfs/home/d/de_math/COEN313/lab3/vivado/lab3.xdc]
Finished Parsing XDC File [/nfs/home/d/de_math/COEN313/lab3/vivado/lab3.xdc]
Completed Processing XDC Constraints

INFO: [Opt 31-138] Pushed 0 inverter(s) to 0 load pin(s).
INFO: [Project 1-111] Unisim Transformation Summary:
No Unisim elements were transformed.

RTL Elaboration Complete:  : Time (s): cpu = 00:00:15 ; elapsed = 00:00:38 . Memory (MB): peak = 6792.551 ; gain = 470.125 ; free physical = 11233 ; free virtual = 23416
6 Infos, 0 Warnings, 0 Critical Warnings and 0 Errors encountered.
synth_design completed successfully
synth_design: Time (s): cpu = 00:00:15 ; elapsed = 00:00:39 . Memory (MB): peak = 6792.551 ; gain = 470.125 ; free physical = 11233 ; free virtual = 23416
write_schematic -format pdf -orientation portrait /nfs/home/d/de_math/COEN313/lab3/vivado/schematic.pdf
/nfs/home/d/de_math/COEN313/lab3/vivado/schematic.pdf
create_bd_design "design_1"
Wrote  : </nfs/home/d/de_math/COEN313/lab3/vivado/lab3/lab3.srcs/sources_1/bd/design_1/design_1.bd> 
update_compile_order -fileset sources_1
launch_runs synth_1 -jobs 2
[Tue May 28 18:41:13 2024] Launched synth_1...
Run output will be captured here: /nfs/home/d/de_math/COEN313/lab3/vivado/lab3/lab3.runs/synth_1/runme.log
launch_runs impl_1 -jobs 2
[Tue May 28 18:42:26 2024] Launched impl_1...
Run output will be captured here: /nfs/home/d/de_math/COEN313/lab3/vivado/lab3/lab3.runs/impl_1/runme.log
launch_runs impl_1 -to_step write_bitstream -jobs 2
[Tue May 28 18:44:16 2024] Launched impl_1...
Run output will be captured here: /nfs/home/d/de_math/COEN313/lab3/vivado/lab3/lab3.runs/impl_1/runme.log
refresh_design
---------------------------------------------------------------------------------
Starting RTL Elaboration : Time (s): cpu = 00:00:01 ; elapsed = 00:00:02 . Memory (MB): peak = 6830.344 ; gain = 0.000 ; free physical = 10238 ; free virtual = 22455
---------------------------------------------------------------------------------
INFO: [Synth 8-638] synthesizing module 'lab3' [/nfs/home/d/de_math/COEN313/lab3/vivado/lab3.vhd:12]
INFO: [Synth 8-256] done synthesizing module 'lab3' (1#1) [/nfs/home/d/de_math/COEN313/lab3/vivado/lab3.vhd:12]
---------------------------------------------------------------------------------
Finished RTL Elaboration : Time (s): cpu = 00:00:02 ; elapsed = 00:00:03 . Memory (MB): peak = 6837.352 ; gain = 7.008 ; free physical = 10252 ; free virtual = 22469
---------------------------------------------------------------------------------

Report Check Netlist: 
+------+------------------+-------+---------+-------+------------------+
|      |Item              |Errors |Warnings |Status |Description       |
+------+------------------+-------+---------+-------+------------------+
|1     |multi_driven_nets |      0|        0|Passed |Multi driven nets |
+------+------------------+-------+---------+-------+------------------+
---------------------------------------------------------------------------------
Start Handling Custom Attributes
---------------------------------------------------------------------------------
---------------------------------------------------------------------------------
Finished Handling Custom Attributes : Time (s): cpu = 00:00:02 ; elapsed = 00:00:03 . Memory (MB): peak = 6837.352 ; gain = 7.008 ; free physical = 10252 ; free virtual = 22468
---------------------------------------------------------------------------------
---------------------------------------------------------------------------------
Finished RTL Optimization Phase 1 : Time (s): cpu = 00:00:02 ; elapsed = 00:00:03 . Memory (MB): peak = 6837.352 ; gain = 7.008 ; free physical = 10252 ; free virtual = 22468
---------------------------------------------------------------------------------
INFO: [Project 1-570] Preparing netlist for logic optimization

Processing XDC Constraints
Initializing timing engine
Parsing XDC File [/nfs/home/d/de_math/COEN313/lab3/vivado/lab3.xdc]
Finished Parsing XDC File [/nfs/home/d/de_math/COEN313/lab3/vivado/lab3.xdc]
Completed Processing XDC Constraints

INFO: [Opt 31-138] Pushed 0 inverter(s) to 0 load pin(s).
refresh_design: Time (s): cpu = 00:00:08 ; elapsed = 00:00:05 . Memory (MB): peak = 6872.422 ; gain = 42.078 ; free physical = 10195 ; free virtual = 22413
open_hw
connect_hw_server
INFO: [Labtools 27-2285] Connecting to hw_server url TCP:localhost:3121
INFO: [Labtools 27-2222] Launching hw_server...
INFO: [Labtools 27-2221] Launch Output:

****** Xilinx hw_server v2018.2
  **** Build date : Jun 14 2018-20:18:37
    ** Copyright 1986-2018 Xilinx, Inc. All Rights Reserved.


open_hw_target
INFO: [Labtoolstcl 44-466] Opening hw_target localhost:3121/xilinx_tcf/Digilent/210292ABF7C4A
set_property PROGRAM.FILE {/nfs/home/d/de_math/COEN313/lab3/vivado/lab3/lab3.runs/impl_1/lab3.bit} [get_hw_devices xc7a100t_0]
current_hw_device [get_hw_devices xc7a100t_0]
refresh_hw_device -update_hw_probes false [lindex [get_hw_devices xc7a100t_0] 0]
INFO: [Labtools 27-1435] Device xc7a100t (JTAG device index = 0) is not programmed (DONE status = 0).
set_property PROBES.FILE {} [get_hw_devices xc7a100t_0]
set_property FULL_PROBES.FILE {} [get_hw_devices xc7a100t_0]
set_property PROGRAM.FILE {/nfs/home/d/de_math/COEN313/lab3/vivado/lab3/lab3.runs/impl_1/lab3.bit} [get_hw_devices xc7a100t_0]
program_hw_devices [get_hw_devices xc7a100t_0]
INFO: [Labtools 27-3164] End of startup status: HIGH
refresh_hw_device [lindex [get_hw_devices xc7a100t_0] 0]
INFO: [Labtools 27-1434] Device xc7a100t (JTAG device index = 0) is programmed with a design that has no supported debug core(s) in it.
WARNING: [Labtools 27-3361] The debug hub core was not detected.
Resolution: 
1. Make sure the clock connected to the debug hub (dbg_hub) core is a free running clock and is active.
2. Make sure the BSCAN_SWITCH_USER_MASK device property in Vivado Hardware Manager reflects the user scan chain setting in the design and refresh the device.  To determine the user scan chain setting in the design, open the implemented design and use 'get_property C_USER_SCAN_CHAIN [get_debug_cores dbg_hub]'.
For more details on setting the scan chain property, consult the Vivado Debug and Programming User Guide (UG908).
close_project
****** Webtalk v2018.2 (64-bit)
  **** SW Build 2258646 on Thu Jun 14 20:02:38 MDT 2018
  **** IP Build 2256618 on Thu Jun 14 22:10:49 MDT 2018
    ** Copyright 1986-2018 Xilinx, Inc. All Rights Reserved.

source /nfs/home/d/de_math/COEN313/lab3/vivado/lab3/lab3.hw/webtalk/labtool_webtalk.tcl -notrace
INFO: [Common 17-206] Exiting Webtalk at Tue May 28 19:24:51 2024...
create_project lab3vari /nfs/home/d/de_math/COEN313/lab3/vivado_vari/lab3vari -part xc7a100tcsg324-1
INFO: [IP_Flow 19-234] Refreshing IP repositories
INFO: [IP_Flow 19-1704] No user IP repositories specified
INFO: [IP_Flow 19-2313] Loaded Vivado IP repository '/CMC/tools/xilinx/Vivado_2018.2/Vivado/2018.2/data/ip'.
add_files -norecurse /nfs/home/d/de_math/COEN313/lab3/vivado_vari/lab3_variable.vhd
add_files -fileset constrs_1 -norecurse /nfs/home/d/de_math/COEN313/lab3/vivado_vari/lab3.xdc
update_compile_order -fileset sources_1
synth_design -rtl -name rtl_1
Command: synth_design -rtl -name rtl_1
Starting synth_design
Using part: xc7a100tcsg324-1
Top: lab3_variable
---------------------------------------------------------------------------------
Starting RTL Elaboration : Time (s): cpu = 00:00:01 ; elapsed = 00:00:02 . Memory (MB): peak = 7407.719 ; gain = 0.000 ; free physical = 10570 ; free virtual = 22803
---------------------------------------------------------------------------------
INFO: [Synth 8-638] synthesizing module 'lab3_variable' [/nfs/home/d/de_math/COEN313/lab3/vivado_vari/lab3_variable.vhd:12]
INFO: [Synth 8-256] done synthesizing module 'lab3_variable' (1#1) [/nfs/home/d/de_math/COEN313/lab3/vivado_vari/lab3_variable.vhd:12]
---------------------------------------------------------------------------------
Finished RTL Elaboration : Time (s): cpu = 00:00:02 ; elapsed = 00:00:03 . Memory (MB): peak = 7407.719 ; gain = 0.000 ; free physical = 10588 ; free virtual = 22821
---------------------------------------------------------------------------------

Report Check Netlist: 
+------+------------------+-------+---------+-------+------------------+
|      |Item              |Errors |Warnings |Status |Description       |
+------+------------------+-------+---------+-------+------------------+
|1     |multi_driven_nets |      0|        0|Passed |Multi driven nets |
+------+------------------+-------+---------+-------+------------------+
---------------------------------------------------------------------------------
Start Handling Custom Attributes
---------------------------------------------------------------------------------
---------------------------------------------------------------------------------
Finished Handling Custom Attributes : Time (s): cpu = 00:00:02 ; elapsed = 00:00:04 . Memory (MB): peak = 7407.719 ; gain = 0.000 ; free physical = 10589 ; free virtual = 22822
---------------------------------------------------------------------------------
---------------------------------------------------------------------------------
Finished RTL Optimization Phase 1 : Time (s): cpu = 00:00:02 ; elapsed = 00:00:04 . Memory (MB): peak = 7407.719 ; gain = 0.000 ; free physical = 10589 ; free virtual = 22822
---------------------------------------------------------------------------------
INFO: [Project 1-570] Preparing netlist for logic optimization

Processing XDC Constraints
Initializing timing engine
Parsing XDC File [/nfs/home/d/de_math/COEN313/lab3/vivado_vari/lab3.xdc]
Finished Parsing XDC File [/nfs/home/d/de_math/COEN313/lab3/vivado_vari/lab3.xdc]
Completed Processing XDC Constraints

INFO: [Opt 31-138] Pushed 0 inverter(s) to 0 load pin(s).
INFO: [Project 1-111] Unisim Transformation Summary:
No Unisim elements were transformed.

RTL Elaboration Complete:  : Time (s): cpu = 00:00:04 ; elapsed = 00:00:05 . Memory (MB): peak = 7426.289 ; gain = 18.570 ; free physical = 10482 ; free virtual = 22715
5 Infos, 0 Warnings, 0 Critical Warnings and 0 Errors encountered.
synth_design completed successfully
write_schematic -format pdf -orientation portrait /nfs/home/d/de_math/COEN313/lab3/vivado_vari/schematic_variable.pdf
/nfs/home/d/de_math/COEN313/lab3/vivado_vari/schematic_variable.pdf
set_property target_constrs_file /nfs/home/d/de_math/COEN313/lab3/vivado_vari/lab3.xdc [current_fileset -constrset]
