#-----------------------------------------------------------
# Vivado v2018.2 (64-bit)
# SW Build 2258646 on Thu Jun 14 20:02:38 MDT 2018
# IP Build 2256618 on Thu Jun 14 22:10:49 MDT 2018
# Start of session at: Wed Jun 12 17:20:07 2024
# Process ID: 1336
# Current directory: /nfs/home/d/de_math/COEN313/COEN313_S24/project/vivado
# Command line: vivado
# Log file: /nfs/home/d/de_math/COEN313/COEN313_S24/project/vivado/vivado.log
# Journal file: /nfs/home/d/de_math/COEN313/COEN313_S24/project/vivado/vivado.jou
#-----------------------------------------------------------
start_gui
create_project project_simulation /nfs/home/d/de_math/COEN313/COEN313_S24/project/vivado/project_simulation -part xc7a100tcsg324-1
INFO: [IP_Flow 19-234] Refreshing IP repositories
INFO: [IP_Flow 19-1704] No user IP repositories specified
INFO: [IP_Flow 19-2313] Loaded Vivado IP repository '/CMC/tools/xilinx/Vivado_2018.2/Vivado/2018.2/data/ip'.
create_project: Time (s): cpu = 00:00:09 ; elapsed = 00:00:06 . Memory (MB): peak = 6264.547 ; gain = 36.168 ; free physical = 10528 ; free virtual = 22939
add_files -norecurse {/nfs/home/d/de_math/COEN313/COEN313_S24/project/projecttb.vhd /nfs/home/d/de_math/COEN313/COEN313_S24/project/project.vhd}
add_files -fileset constrs_1 -norecurse /nfs/home/d/de_math/COEN313/COEN313_S24/project/project.xdc
update_compile_order -fileset sources_1
launch_simulation
INFO: [Vivado 12-5682] Launching behavioral simulation in '/nfs/home/d/de_math/COEN313/COEN313_S24/project/vivado/project_simulation/project_simulation.sim/sim_1/behav/xsim'
INFO: [SIM-utils-51] Simulation object is 'sim_1'
INFO: [SIM-utils-54] Inspecting design source files for 'project_tb' in fileset 'sim_1'...
INFO: [USF-XSim-97] Finding global include files...
INFO: [USF-XSim-98] Fetching design files from 'sim_1'...
INFO: [USF-XSim-2] XSim::Compile design
INFO: [USF-XSim-61] Executing 'COMPILE and ANALYZE' step in '/nfs/home/d/de_math/COEN313/COEN313_S24/project/vivado/project_simulation/project_simulation.sim/sim_1/behav/xsim'
xvhdl --incr --relax -prj project_tb_vhdl.prj
INFO: [VRFC 10-163] Analyzing VHDL file "/nfs/home/d/de_math/COEN313/COEN313_S24/project/project.vhd" into library xil_defaultlib
INFO: [VRFC 10-307] analyzing entity project
INFO: [VRFC 10-163] Analyzing VHDL file "/nfs/home/d/de_math/COEN313/COEN313_S24/project/projecttb.vhd" into library xil_defaultlib
INFO: [VRFC 10-307] analyzing entity project_tb
INFO: [USF-XSim-69] 'compile' step finished in '2' seconds
INFO: [USF-XSim-3] XSim::Elaborate design
INFO: [USF-XSim-61] Executing 'ELABORATE' step in '/nfs/home/d/de_math/COEN313/COEN313_S24/project/vivado/project_simulation/project_simulation.sim/sim_1/behav/xsim'
Vivado Simulator 2018.2
Copyright 1986-1999, 2001-2018 Xilinx, Inc. All Rights Reserved.
Running: /CMC/tools/xilinx/Vivado_2018.2/Vivado/2018.2/bin/unwrapped/lnx64.o/xelab -wto b257f77d098f4c54bd328f48feff444e --incr --debug typical --relax --mt 8 -L xil_defaultlib -L secureip --snapshot project_tb_behav xil_defaultlib.project_tb -log elaborate.log 
Using 8 slave threads.
Starting static elaboration
Completed static elaboration
Starting simulation data flow analysis
Completed simulation data flow analysis
Time Resolution for simulation is 1ps
Compiling package std.standard
Compiling package std.textio
Compiling package ieee.std_logic_1164
Compiling package ieee.numeric_std
Compiling architecture project of entity xil_defaultlib.project [project_default]
Compiling architecture behavioral of entity xil_defaultlib.project_tb
Built simulation snapshot project_tb_behav

****** Webtalk v2018.2 (64-bit)
  **** SW Build 2258646 on Thu Jun 14 20:02:38 MDT 2018
  **** IP Build 2256618 on Thu Jun 14 22:10:49 MDT 2018
    ** Copyright 1986-2018 Xilinx, Inc. All Rights Reserved.

source /nfs/home/d/de_math/COEN313/COEN313_S24/project/vivado/project_simulation/project_simulation.sim/sim_1/behav/xsim/xsim.dir/project_tb_behav/webtalk/xsim_webtalk.tcl -notrace
INFO: [Common 17-206] Exiting Webtalk at Wed Jun 12 17:22:14 2024...
INFO: [USF-XSim-69] 'elaborate' step finished in '2' seconds
INFO: [USF-XSim-4] XSim::Simulate design
INFO: [USF-XSim-61] Executing 'SIMULATE' step in '/nfs/home/d/de_math/COEN313/COEN313_S24/project/vivado/project_simulation/project_simulation.sim/sim_1/behav/xsim'
INFO: [USF-XSim-98] *** Running xsim
   with args "project_tb_behav -key {Behavioral:sim_1:Functional:project_tb} -tclbatch {project_tb.tcl} -log {simulate.log}"
INFO: [USF-XSim-8] Loading simulator feature
Vivado Simulator 2018.2
Time resolution is 1 ps
source project_tb.tcl
# set curr_wave [current_wave_config]
# if { [string length $curr_wave] == 0 } {
#   if { [llength [get_objects]] > 0} {
#     add_wave /
#     set_property needs_save false [current_wave_config]
#   } else {
#      send_msg_id Add_Wave-1 WARNING "No top level signals found. Simulator will start without a wave window. If you want to open a wave window go to 'File->New Waveform Configuration' or type 'create_wave_config' in the TCL console."
#   }
# }
# run 1000ns
INFO: [USF-XSim-96] XSim completed. Design snapshot 'project_tb_behav' loaded.
INFO: [USF-XSim-97] XSim simulation ran for 1000ns
launch_simulation: Time (s): cpu = 00:00:06 ; elapsed = 00:00:05 . Memory (MB): peak = 6385.121 ; gain = 68.621 ; free physical = 10512 ; free virtual = 22923
close_sim
INFO: [Simtcl 6-16] Simulation closed
exit
INFO: [Common 17-206] Exiting Vivado at Wed Jun 12 17:24:12 2024...
